{"name": "Проверка увеличения счетчика выполненного за все сегодня, после оформления заказа", "status": "failed", "statusDetails": {"message": "AssertionError: assert 504 == (504 + 1)\n +  where 504 = int('504')\n +  and   504 = int('504')", "trace": "self = <Tests.test_main_functional.TestOrderFeed object at 0x0000024BAA58C350>, driver = <selenium.webdriver.chrome.webdriver.WebDriver (session=\"3be4b45060935d0bf7cba6f3e8841e2d\")>\n\n    @allure.title('Проверка увеличения счетчика выполненного за все сегодня, после оформления заказа')\n    def test_increase_count_today_orders(self, driver):\n        lp = LoginPage(driver)\n        mp = BasePage(driver)\n        lp.open_loging_page()\n        lp.input_email()\n        lp.input_password()\n        lp.click_login_button()\n        mp.click_order_feed_button()\n        number_orders = mp.get_number_today_orders()\n        lp.click_constructor_button()\n        lp.drag_and_drop_bread()\n        lp.click_order_button()\n        mp.open_order_feed_page()\n        new_number_orders = mp.get_number_today_orders()\n>       assert int(new_number_orders) == int(number_orders)+1\nE       AssertionError: assert 504 == (504 + 1)\nE        +  where 504 = int('504')\nE        +  and   504 = int('504')\n\nTests\\test_main_functional.py:102: AssertionError"}, "steps": [{"name": "Выполняем переход на страницу авторизации", "status": "passed", "start": 1719326170972, "stop": 1719326171110}, {"name": "Вводим Email", "status": "passed", "start": 1719326171110, "stop": 1719326171205}, {"name": "Вводим Пароль", "status": "passed", "start": 1719326171205, "stop": 1719326171259}, {"name": "Нажимаем кнопку \"Войти\"", "status": "passed", "start": 1719326171259, "stop": 1719326171313}, {"name": "Произвели клик по кнопке \"Лента Заказов\"", "status": "passed", "start": 1719326171313, "stop": 1719326171630}, {"name": "Получаем число выполненных заказов за сегодня", "status": "passed", "start": 1719326171630, "stop": 1719326172161}, {"name": "Произвели клик по кнопке \"Конструктор\"", "status": "passed", "start": 1719326172161, "stop": 1719326172210}, {"name": "Перетаскиваем булку в корзину", "status": "passed", "start": 1719326172210, "stop": 1719326172785}, {"name": "Нажимаем кнопку \"Оформить заказ\"", "status": "passed", "start": 1719326172785, "stop": 1719326172841}, {"name": "Открываем страницу \"Лента заказов\"", "status": "passed", "start": 1719326172841, "stop": 1719326173033}, {"name": "Получаем число выполненных заказов за сегодня", "status": "passed", "start": 1719326173033, "stop": 1719326173558}], "start": 1719326170972, "stop": 1719326173558, "uuid": "6c62c863-b746-4d0e-a7d1-308827b1afff", "historyId": "76d41eb02d64a159ffdd0db32fc47321", "testCaseId": "76d41eb02d64a159ffdd0db32fc47321", "fullName": "Tests.test_main_functional.TestOrderFeed#test_increase_count_today_orders", "labels": [{"name": "parentSuite", "value": "Tests"}, {"name": "suite", "value": "test_main_functional"}, {"name": "subSuite", "value": "TestOrderFeed"}, {"name": "host", "value": "DESKTOP-N6OG843"}, {"name": "thread", "value": "1824-MainThread"}, {"name": "framework", "value": "pytest"}, {"name": "language", "value": "cpython3"}, {"name": "package", "value": "Tests.test_main_functional"}]}